<?xml version="1.0" encoding="UTF-8"?>
<!-- Generated by org.testng.reporters.JUnitReportReporter -->
<testsuite hostname="LAPTOP-B6F97E5B" failures="0" tests="6" name="DataDriven.FBDemo" time="49.655" errors="0" timestamp="2022-04-20T22:45:13 IST" skipped="0">
  <testcase classname="DataDriven.FBDemo" name="register" time="8.114"/>
  <system-out/>
  <testcase classname="DataDriven.FBDemo" name="register" time="7.920"/>
  <system-out/>
  <testcase classname="DataDriven.FBDemo" name="register" time="9.863"/>
  <system-out/>
  <testcase classname="DataDriven.FBDemo" name="register" time="7.714"/>
  <system-out/>
  <testcase classname="DataDriven.FBDemo" name="register" time="8.100"/>
  <system-out/>
  <testcase classname="DataDriven.FBDemo" name="register" time="7.944"/>
  <system-out/>
</testsuite> <!-- DataDriven.FBDemo -->
