<?xml version="1.0" encoding="UTF-8"?>
<!-- Generated by org.testng.reporters.JUnitReportReporter -->
<testsuite hostname="LAPTOP-B6F97E5B" failures="0" tests="2" name="day1.Demo2" time="0.008" errors="0" timestamp="2022-04-17T16:28:09 IST" skipped="1">
  <testcase classname="day1.Demo2" name="lmn" time="0.008"/>
  <system-out/>
  <testcase classname="day1.Demo2" name="xyz">
    <skipped/>
  </testcase> <!-- xyz -->
  <system-out/>
</testsuite> <!-- day1.Demo2 -->
