<?xml version="1.0" encoding="UTF-8"?>
<!-- Generated by org.testng.reporters.JUnitReportReporter -->
<testsuite hostname="LAPTOP-B6F97E5B" failures="0" tests="4" name="day1.DemoGroup" time="0.011" errors="0" timestamp="2022-04-22T21:46:35 IST" skipped="0">
  <testcase classname="day1.DemoGroup" name="home" time="0.001"/>
  <system-out/>
  <testcase classname="day1.DemoGroup" name="search" time="0.001"/>
  <system-out/>
  <testcase classname="day1.DemoGroup" name="pqr" time="0.000"/>
  <system-out/>
  <testcase classname="day1.DemoGroup" name="abc" time="0.009"/>
  <system-out/>
</testsuite> <!-- day1.DemoGroup -->
