<?xml version="1.0" encoding="UTF-8"?>
<!-- Generated by org.testng.reporters.JUnitReportReporter -->
<testsuite hostname="LAPTOP-B6F97E5B" failures="0" tests="3" name="com.TestNG.SeleniumWithTestNG.Demo2" time="0.016" errors="0" timestamp="2022-04-17T13:43:16 IST" skipped="0">
  <testcase classname="com.TestNG.SeleniumWithTestNG.Demo2" name="login" time="0.013"/>
  <system-out/>
  <testcase classname="com.TestNG.SeleniumWithTestNG.Demo2" name="search" time="0.001"/>
  <system-out/>
  <testcase classname="com.TestNG.SeleniumWithTestNG.Demo2" name="logout" time="0.002"/>
  <system-out/>
</testsuite> <!-- com.TestNG.SeleniumWithTestNG.Demo2 -->
