<?xml version="1.0" encoding="UTF-8"?>
<!-- Generated by org.testng.reporters.JUnitReportReporter -->
<testsuite hostname="LAPTOP-B6F97E5B" failures="0" tests="2" name="day1.Demo1" time="0.009" errors="0" timestamp="2022-05-02T11:23:45 IST" skipped="0">
  <testcase classname="day1.Demo1" name="ball" time="0.002"/>
  <system-out/>
  <testcase classname="day1.Demo1" name="applie" time="0.007"/>
  <system-out/>
</testsuite> <!-- day1.Demo1 -->
