<?xml version="1.0" encoding="UTF-8"?>
<!-- Generated by org.testng.reporters.JUnitReportReporter -->
<testsuite hostname="LAPTOP-B6F97E5B" failures="0" tests="4" name="day1.Try3" time="9.948" errors="0" timestamp="2022-04-19T12:43:09 IST" skipped="0">
  <testcase classname="day1.Try3" name="setUp" time="7.864"/>
  <system-out/>
  <testcase classname="day1.Try3" name="loginFunctinality" time="1.821"/>
  <system-out/>
  <testcase classname="day1.Try3" name="verifyTitle" time="0.029"/>
  <system-out/>
  <testcase classname="day1.Try3" name="tearDown" time="0.234"/>
  <system-out/>
</testsuite> <!-- day1.Try3 -->
