<?xml version="1.0" encoding="UTF-8"?>
<!-- Generated by org.testng.reporters.JUnitReportReporter -->
<testsuite hostname="LAPTOP-B6F97E5B" failures="0" tests="1" name="com.TestNG.SeleniumWithTestNG.Demo1Testng" time="0.006" errors="0" timestamp="2022-04-17T13:02:00 IST" skipped="0">
  <testcase classname="com.TestNG.SeleniumWithTestNG.Demo1Testng" name="m1" time="0.006"/>
  <system-out/>
</testsuite> <!-- com.TestNG.SeleniumWithTestNG.Demo1Testng -->
