<?xml version="1.0" encoding="UTF-8"?>
<!-- Generated by org.testng.reporters.JUnitReportReporter -->
<testsuite hostname="LAPTOP-B6F97E5B" failures="0" tests="3" name="day1.TryBeforeMethod" time="0.011" errors="0" timestamp="2022-04-19T13:26:22 IST" skipped="0">
  <testcase classname="day1.TryBeforeMethod" name="homepage" time="0.004"/>
  <system-out/>
  <testcase classname="day1.TryBeforeMethod" name="pimpage" time="0.002"/>
  <system-out/>
  <testcase classname="day1.TryBeforeMethod" name="searchPIMUserpage" time="0.005"/>
  <system-out/>
</testsuite> <!-- day1.TryBeforeMethod -->
